<?xml version="1.0" encoding="UTF-8"?>
<testsuite name="CalculadoraTest" tests="4" skipped="0" failures="0" errors="0" timestamp="2022-03-09T20:21:06" hostname="DESKTOP-I0GP2QM" time="0.043">
  <properties/>
  <testcase name="subTest()" classname="CalculadoraTest" time="0.038"/>
  <testcase name="multiTest()" classname="CalculadoraTest" time="0.001"/>
  <testcase name="adicaoTest()" classname="CalculadoraTest" time="0.001"/>
  <testcase name="divTest()" classname="CalculadoraTest" time="0.001"/>
  <system-out><![CDATA[]]></system-out>
  <system-err><![CDATA[]]></system-err>
</testsuite>
